\BOOKMARK [1][-]{Doc-Start}{\376\377\116\007\214\141\211\302\157\234\136\026}{}% 1
\BOOKMARK [1][-]{Doc-Start}{\376\377\116\007\214\141\124\037}{}% 2
\BOOKMARK [1][-]{Doc-Start}{\376\377\131\034\154\312\123\344\155\045}{}% 3
\BOOKMARK [1][-]{Doc-Start}{\376\377\136\255\202\234}{}% 4
\BOOKMARK [1][-]{Doc-Start}{\376\377\145\340\230\230\121\153\123\371}{}% 5
\BOOKMARK [1][-]{Doc-Start}{\376\377\163\204\123\371\214\003}{}% 6
\BOOKMARK [1][-]{Doc-Start}{\376\377\121\166\116\011}{}% 7
\BOOKMARK [1][-]{Doc-Start}{\376\377\121\166\126\333}{}% 8
\BOOKMARK [1][-]{Doc-Start}{\376\377\145\340\230\230\123\101\126\333\210\114}{}% 9
\BOOKMARK [1][-]{Doc-Start}{\376\377\121\166\121\155}{}% 10
\BOOKMARK [1][-]{Doc-Start}{\376\377\126\153\125\354\217\236}{}% 11
\BOOKMARK [1][-]{Doc-Start}{\376\377\172\172\214\067\225\356\206\132\173\307}{}% 12
\BOOKMARK [1][-]{Doc-Start}{\376\377\123\371\217\236\116\135\123\340}{}% 13
\BOOKMARK [1][-]{Doc-Start}{\376\377\163\204\124\315\226\306\000\267\121\166\116\000}{}% 14
\BOOKMARK [1][-]{Doc-Start}{\376\377\123\371\217\236\123\101\126\333\210\114}{}% 15
\BOOKMARK [1][-]{Doc-Start}{\376\377\145\340\230\230\123\101\126\333\227\365}{}% 16
\BOOKMARK [1][-]{Doc-Start}{\376\377\121\166\123\101\116\011}{}% 17
\BOOKMARK [1][-]{Doc-Start}{\376\377\163\204\123\371}{}% 18
\BOOKMARK [1][-]{Doc-Start}{\376\377\121\166\123\101\116\224}{}% 19
\BOOKMARK [1][-]{Doc-Start}{\376\377\125\237\161\066\217\236}{}% 20
\BOOKMARK [1][-]{Doc-Start}{\376\377\121\166\123\101\116\003}{}% 21
\BOOKMARK [1][-]{Doc-Start}{\376\377\121\166\123\101\121\153}{}% 22
\BOOKMARK [1][-]{Doc-Start}{\376\377\121\166\123\101\116\135}{}% 23
\BOOKMARK [1][-]{Doc-Start}{\376\377\121\166\116\214\123\101}{}% 24
\BOOKMARK [1][-]{Doc-Start}{\376\377\206\132\174\101\217\236}{}% 25
\BOOKMARK [1][-]{Doc-Start}{\376\377\147\052\124\015}{}% 26
\BOOKMARK [1][-]{Doc-Start}{\376\377\125\237\161\066\217\236}{}% 27
\BOOKMARK [1][-]{Doc-Start}{\376\377\121\166\116\214\123\101\126\333}{}% 28
\BOOKMARK [1][-]{Doc-Start}{\376\377\126\153\124\346\217\236}{}% 29
\BOOKMARK [1][-]{Doc-Start}{\376\377\215\113\130\360\123\101\116\135\123\340}{}% 30
\BOOKMARK [1][-]{Doc-Start}{\376\377\125\237\161\066\226\306\000\267\121\166\123\101\116\011}{}% 31
\BOOKMARK [1][-]{Doc-Start}{\376\377\140\254\154\342\217\236}{}% 32
\BOOKMARK [1][-]{Doc-Start}{\376\377\123\371\121\156}{}% 33
\BOOKMARK [1][-]{Doc-Start}{\376\377\123\371\214\003\116\011\123\340}{}% 34
\BOOKMARK [1][-]{Doc-Start}{\376\377\145\340\230\230\123\101\116\011\123\340}{}% 35
\BOOKMARK [1][-]{Doc-Start}{\376\377\214\065\124\123\121\153\172\340}{}% 36
\BOOKMARK [1][-]{Doc-Start}{\376\377\123\371\217\236\123\101\116\135\123\340}{}% 37
\BOOKMARK [1][-]{Doc-Start}{\376\377\145\340\230\230\123\101\126\333\227\365}{}% 38
\BOOKMARK [1][-]{Doc-Start}{\376\377\125\337\116\116\217\236}{}% 39
\BOOKMARK [1][-]{Doc-Start}{\376\377\126\153\124\001\225\373\125\203}{}% 40
\BOOKMARK [1][-]{Doc-Start}{\376\377\147\052\167\345\124\037}{}% 41
\BOOKMARK [1][-]{Doc-Start}{\376\377\147\052\124\015\116\113\123\371}{}% 42
\BOOKMARK [1][-]{Doc-Start}{\376\377\145\340\230\230\116\113\211\346}{}% 43
\BOOKMARK [1][-]{Doc-Start}{\376\377\121\166\126\333\123\101}{}% 44
\BOOKMARK [1][-]{Doc-Start}{\376\377\145\340\230\230\126\333\210\114}{}% 45
\BOOKMARK [1][-]{Doc-Start}{\376\377\147\052\124\015\116\113\176\352}{}% 46
\BOOKMARK [1][-]{Doc-Start}{\376\377\131\051\225\356\000\267\123\101\126\333\210\114}{}% 47
\BOOKMARK [1][-]{Doc-Start}{\376\377\154\247\155\167\220\127\227\363}{}% 48
\BOOKMARK [1][-]{Doc-Start}{\376\377\121\166\126\333\123\101\116\224}{}% 49
